<?xml version="1.0" encoding="UTF-8"?>
<!-- Generated by org.testng.reporters.JUnitXMLReporter -->
<testsuite ignored="0" hostname="DESKTOP-H8GTL7Q" failures="0" tests="7" name="Default test" time="44.26" errors="0" timestamp="2022-01-04T12:52:37 IST">
  <testcase classname="tests.LoginTest" name="loginWithValidCredentials" time="1.248"/>
  <testcase classname="tests.LoginTest" name="loginWithInvalidUsernameAndInvalidPassword" time="1.033"/>
  <testcase classname="tests.LoginTest" name="loginWithInvalidUsernameAndValidPassword" time="1.043"/>
  <testcase classname="tests.LoginTest" name="loginWithValidUsernameAndInvalidPassword" time="1.009"/>
  <testcase classname="tests.RegisterTest" name="RegisterWithValidDetails" time="1.708"/>
  <testcase classname="tests.SearchTest" name="searchForANonExistingProduct" time="0.5"/>
  <testcase classname="tests.SearchTest" name="searchForAnExistingProduct" time="0.534"/>
</testsuite> <!-- Default test -->
