<?xml version="1.0" encoding="UTF-8"?>
<testng-results ignored="0" total="7" passed="7" failed="0" skipped="0">
  <reporter-output>
  </reporter-output>
  <suite started-at="2022-01-04T12:51:53 IST" name="Default suite" finished-at="2022-01-04T12:52:37 IST" duration-ms="44260">
    <groups>
    </groups>
    <test started-at="2022-01-04T12:51:53 IST" name="Default test" finished-at="2022-01-04T12:52:37 IST" duration-ms="44260">
      <class name="tests.LoginTest">
        <test-method is-config="true" signature="setup()[pri:0, instance:tests.LoginTest@209da20d]" started-at="2022-01-04T12:51:53 IST" name="setup" finished-at="2022-01-04T12:52:00 IST" duration-ms="6317" status="PASS">
          <reporter-output>
          </reporter-output>
        </test-method> <!-- setup -->
        <test-method signature="loginWithValidCredentials()[pri:1, instance:tests.LoginTest@209da20d]" started-at="2022-01-04T12:52:00 IST" name="loginWithValidCredentials" finished-at="2022-01-04T12:52:01 IST" duration-ms="1248" status="PASS">
          <reporter-output>
          </reporter-output>
        </test-method> <!-- loginWithValidCredentials -->
        <test-method is-config="true" signature="tearDown()[pri:0, instance:tests.LoginTest@209da20d]" started-at="2022-01-04T12:52:01 IST" name="tearDown" finished-at="2022-01-04T12:52:02 IST" duration-ms="787" status="PASS">
          <reporter-output>
          </reporter-output>
        </test-method> <!-- tearDown -->
        <test-method is-config="true" signature="setup()[pri:0, instance:tests.LoginTest@209da20d]" started-at="2022-01-04T12:52:02 IST" name="setup" finished-at="2022-01-04T12:52:06 IST" duration-ms="4205" status="PASS">
          <reporter-output>
          </reporter-output>
        </test-method> <!-- setup -->
        <test-method signature="loginWithInvalidUsernameAndInvalidPassword()[pri:2, instance:tests.LoginTest@209da20d]" started-at="2022-01-04T12:52:06 IST" name="loginWithInvalidUsernameAndInvalidPassword" finished-at="2022-01-04T12:52:07 IST" duration-ms="1033" status="PASS">
          <reporter-output>
          </reporter-output>
        </test-method> <!-- loginWithInvalidUsernameAndInvalidPassword -->
        <test-method is-config="true" signature="tearDown()[pri:0, instance:tests.LoginTest@209da20d]" started-at="2022-01-04T12:52:07 IST" name="tearDown" finished-at="2022-01-04T12:52:08 IST" duration-ms="786" status="PASS">
          <reporter-output>
          </reporter-output>
        </test-method> <!-- tearDown -->
        <test-method is-config="true" signature="setup()[pri:0, instance:tests.LoginTest@209da20d]" started-at="2022-01-04T12:52:08 IST" name="setup" finished-at="2022-01-04T12:52:12 IST" duration-ms="4071" status="PASS">
          <reporter-output>
          </reporter-output>
        </test-method> <!-- setup -->
        <test-method signature="loginWithInvalidUsernameAndValidPassword()[pri:3, instance:tests.LoginTest@209da20d]" started-at="2022-01-04T12:52:12 IST" name="loginWithInvalidUsernameAndValidPassword" finished-at="2022-01-04T12:52:13 IST" duration-ms="1043" status="PASS">
          <reporter-output>
          </reporter-output>
        </test-method> <!-- loginWithInvalidUsernameAndValidPassword -->
        <test-method is-config="true" signature="tearDown()[pri:0, instance:tests.LoginTest@209da20d]" started-at="2022-01-04T12:52:13 IST" name="tearDown" finished-at="2022-01-04T12:52:14 IST" duration-ms="780" status="PASS">
          <reporter-output>
          </reporter-output>
        </test-method> <!-- tearDown -->
        <test-method is-config="true" signature="setup()[pri:0, instance:tests.LoginTest@209da20d]" started-at="2022-01-04T12:52:14 IST" name="setup" finished-at="2022-01-04T12:52:18 IST" duration-ms="4258" status="PASS">
          <reporter-output>
          </reporter-output>
        </test-method> <!-- setup -->
        <test-method signature="loginWithValidUsernameAndInvalidPassword()[pri:4, instance:tests.LoginTest@209da20d]" started-at="2022-01-04T12:52:18 IST" name="loginWithValidUsernameAndInvalidPassword" finished-at="2022-01-04T12:52:19 IST" duration-ms="1009" status="PASS">
          <reporter-output>
          </reporter-output>
        </test-method> <!-- loginWithValidUsernameAndInvalidPassword -->
        <test-method is-config="true" signature="tearDown()[pri:0, instance:tests.LoginTest@209da20d]" started-at="2022-01-04T12:52:19 IST" name="tearDown" finished-at="2022-01-04T12:52:20 IST" duration-ms="795" status="PASS">
          <reporter-output>
          </reporter-output>
        </test-method> <!-- tearDown -->
      </class> <!-- tests.LoginTest -->
      <class name="tests.RegisterTest">
        <test-method is-config="true" signature="setup()[pri:0, instance:tests.RegisterTest@b9b00e0]" started-at="2022-01-04T12:52:20 IST" name="setup" finished-at="2022-01-04T12:52:24 IST" duration-ms="4457" status="PASS">
          <reporter-output>
          </reporter-output>
        </test-method> <!-- setup -->
        <test-method signature="RegisterWithValidDetails()[pri:0, instance:tests.RegisterTest@b9b00e0]" started-at="2022-01-04T12:52:24 IST" name="RegisterWithValidDetails" finished-at="2022-01-04T12:52:26 IST" duration-ms="1708" status="PASS">
          <reporter-output>
          </reporter-output>
        </test-method> <!-- RegisterWithValidDetails -->
        <test-method is-config="true" signature="tearDown()[pri:0, instance:tests.RegisterTest@b9b00e0]" started-at="2022-01-04T12:52:26 IST" name="tearDown" finished-at="2022-01-04T12:52:27 IST" duration-ms="789" status="PASS">
          <reporter-output>
          </reporter-output>
        </test-method> <!-- tearDown -->
      </class> <!-- tests.RegisterTest -->
      <class name="tests.SearchTest">
        <test-method is-config="true" signature="setup()[pri:0, instance:tests.SearchTest@506ae4d4]" started-at="2022-01-04T12:52:27 IST" name="setup" finished-at="2022-01-04T12:52:31 IST" duration-ms="4099" status="PASS">
          <reporter-output>
          </reporter-output>
        </test-method> <!-- setup -->
        <test-method signature="searchForANonExistingProduct()[pri:0, instance:tests.SearchTest@506ae4d4]" started-at="2022-01-04T12:52:31 IST" name="searchForANonExistingProduct" finished-at="2022-01-04T12:52:31 IST" duration-ms="500" status="PASS">
          <reporter-output>
          </reporter-output>
        </test-method> <!-- searchForANonExistingProduct -->
        <test-method is-config="true" signature="tearDown()[pri:0, instance:tests.SearchTest@506ae4d4]" started-at="2022-01-04T12:52:31 IST" name="tearDown" finished-at="2022-01-04T12:52:32 IST" duration-ms="884" status="PASS">
          <reporter-output>
          </reporter-output>
        </test-method> <!-- tearDown -->
        <test-method is-config="true" signature="setup()[pri:0, instance:tests.SearchTest@506ae4d4]" started-at="2022-01-04T12:52:32 IST" name="setup" finished-at="2022-01-04T12:52:36 IST" duration-ms="4035" status="PASS">
          <reporter-output>
          </reporter-output>
        </test-method> <!-- setup -->
        <test-method signature="searchForAnExistingProduct()[pri:0, instance:tests.SearchTest@506ae4d4]" started-at="2022-01-04T12:52:36 IST" name="searchForAnExistingProduct" finished-at="2022-01-04T12:52:37 IST" duration-ms="534" status="PASS">
          <reporter-output>
          </reporter-output>
        </test-method> <!-- searchForAnExistingProduct -->
        <test-method is-config="true" signature="tearDown()[pri:0, instance:tests.SearchTest@506ae4d4]" started-at="2022-01-04T12:52:37 IST" name="tearDown" finished-at="2022-01-04T12:52:37 IST" duration-ms="812" status="PASS">
          <reporter-output>
          </reporter-output>
        </test-method> <!-- tearDown -->
      </class> <!-- tests.SearchTest -->
    </test> <!-- Default test -->
  </suite> <!-- Default suite -->
</testng-results>
